[09:42:39] [main/INFO]: Loaded 0 recipes
[09:42:39] [Server thread/INFO]: Starting minecraft server version 1.13.2
[09:42:39] [Server thread/INFO]: Loading properties
[09:42:39] [Server console handler/ERROR]: Exception handling console input
java.io.IOException: The handle is invalid
	at java.io.FileInputStream.readBytes(Native Method) ~[?:?]
	at java.io.FileInputStream.read(FileInputStream.java:256) ~[?:?]
	at java.io.BufferedInputStream.fill(BufferedInputStream.java:246) ~[?:?]
	at java.io.BufferedInputStream.read(BufferedInputStream.java:265) ~[?:?]
	at org.bukkit.craftbukkit.libs.jline.internal.NonBlockingInputStream.read(NonBlockingInputStream.java:248) ~[spigot-1.13.2.jar:git-Spigot-a1f2566-a4c555b]
	at org.bukkit.craftbukkit.libs.jline.internal.InputStreamReader.read(InputStreamReader.java:261) ~[spigot-1.13.2.jar:git-Spigot-a1f2566-a4c555b]
	at org.bukkit.craftbukkit.libs.jline.internal.InputStreamReader.read(InputStreamReader.java:198) ~[spigot-1.13.2.jar:git-Spigot-a1f2566-a4c555b]
	at org.bukkit.craftbukkit.libs.jline.console.ConsoleReader.readCharacter(ConsoleReader.java:2145) ~[spigot-1.13.2.jar:git-Spigot-a1f2566-a4c555b]
	at org.bukkit.craftbukkit.libs.jline.console.ConsoleReader.readLineSimple(ConsoleReader.java:3183) ~[spigot-1.13.2.jar:git-Spigot-a1f2566-a4c555b]
	at org.bukkit.craftbukkit.libs.jline.console.ConsoleReader.readLine(ConsoleReader.java:2333) ~[spigot-1.13.2.jar:git-Spigot-a1f2566-a4c555b]
	at org.bukkit.craftbukkit.libs.jline.console.ConsoleReader.readLine(ConsoleReader.java:2269) ~[spigot-1.13.2.jar:git-Spigot-a1f2566-a4c555b]
	at org.bukkit.craftbukkit.libs.jline.console.ConsoleReader.readLine(ConsoleReader.java:2257) ~[spigot-1.13.2.jar:git-Spigot-a1f2566-a4c555b]
	at net.minecraft.server.v1_13_R2.DedicatedServer$2.run(DedicatedServer.java:93) [spigot-1.13.2.jar:git-Spigot-a1f2566-a4c555b]
[09:42:39] [Server thread/INFO]: Default game type: SURVIVAL
[09:42:39] [Server thread/INFO]: This server is running CraftBukkit version git-Spigot-a1f2566-a4c555b (MC: 1.13.2) (Implementing API version 1.13.2-R0.1-SNAPSHOT)
[09:42:39] [Server thread/INFO]: Using 4 threads for Netty based IO
[09:42:39] [Server thread/INFO]: Server Ping Player Sample Count: 12
[09:42:39] [Server thread/INFO]: Debug logging is disabled
[09:42:40] [Server thread/INFO]: Generating keypair
[09:42:40] [Server thread/INFO]: Starting Minecraft server on *:25565
[09:42:40] [Server thread/INFO]: Using default channel type
[09:42:41] [Server thread/INFO]: **** Beginning UUID conversion, this may take A LONG time ****
[09:42:41] [Server thread/INFO]: Preparing level "world"
[09:42:41] [Server thread/INFO]: Found new data pack file/bukkit, loading it automatically
[09:42:41] [Server thread/INFO]: Found new data pack vanilla, loading it automatically
[09:42:41] [Server thread/INFO]: Reloading ResourceManager: Default, bukkit
[09:42:43] [Server thread/INFO]: Loaded 524 recipes
[09:42:44] [Server thread/INFO]: -------- World Settings For [world] --------
[09:42:44] [Server thread/INFO]: Experience Merge Radius: 3.0
[09:42:44] [Server thread/INFO]: View Distance: 10
[09:42:44] [Server thread/INFO]: Item Despawn Rate: 6000
[09:42:44] [Server thread/INFO]: Item Merge Radius: 2.5
[09:42:44] [Server thread/INFO]: Arrow Despawn Rate: 1200
[09:42:44] [Server thread/INFO]: Cactus Growth Modifier: 100%
[09:42:44] [Server thread/INFO]: Cane Growth Modifier: 100%
[09:42:44] [Server thread/INFO]: Melon Growth Modifier: 100%
[09:42:44] [Server thread/INFO]: Mushroom Growth Modifier: 100%
[09:42:44] [Server thread/INFO]: Pumpkin Growth Modifier: 100%
[09:42:44] [Server thread/INFO]: Sapling Growth Modifier: 100%
[09:42:44] [Server thread/INFO]: Wheat Growth Modifier: 100%
[09:42:44] [Server thread/INFO]: NetherWart Growth Modifier: 100%
[09:42:44] [Server thread/INFO]: Vine Growth Modifier: 100%
[09:42:44] [Server thread/INFO]: Cocoa Growth Modifier: 100%
[09:42:44] [Server thread/INFO]: Entity Activation Range: An 32 / Mo 32 / Mi 16 / Tiv true
[09:42:44] [Server thread/INFO]: Mob Spawn Range: 6
[09:42:44] [Server thread/INFO]: Max TNT Explosions: 100
[09:42:44] [Server thread/INFO]: Hopper Transfer: 8 Hopper Check: 1 Hopper Amount: 1
[09:42:44] [Server thread/INFO]: Random Lighting Updates: false
[09:42:44] [Server thread/INFO]: Entity Tracking Range: Pl 48 / An 48 / Mo 48 / Mi 32 / Other 64
[09:42:44] [Server thread/INFO]: Custom Map Seeds:  Village: 10387312 Desert: 14357617 Igloo: 14357618 Jungle: 14357619 Swamp: 14357620 Monument: 10387313Ocean: 14357621 Shipwreck: 165745295 Slime: 987234911
[09:42:44] [Server thread/INFO]: Tile Max Tick Time: 50ms Entity max Tick Time: 50ms
[09:42:44] [Server thread/INFO]: Allow Zombie Pigmen to spawn from portal blocks: true
[09:42:44] [Server thread/INFO]: Nerfing mobs spawned from spawners: false
[09:42:44] [Server thread/INFO]: Zombie Aggressive Towards Villager: true
[09:42:47] [Server thread/INFO]: ---- Migration of old nether folder required ----
[09:42:47] [Server thread/INFO]: Unfortunately due to the way that Minecraft implemented multiworld support in 1.6, Bukkit requires that you move your nether folder to a new location in order to operate correctly.
[09:42:47] [Server thread/INFO]: We will move this folder for you, but it will mean that you need to move it back should you wish to stop using Bukkit in the future.
[09:42:47] [Server thread/INFO]: Attempting to move world\DIM-1 to world_nether\DIM-1...
[09:42:47] [Server thread/INFO]: Success! To restore nether in the future, simply move world_nether\DIM-1 to world\DIM-1
[09:42:47] [Server thread/WARN]: Unable to migrate world data.
[09:42:47] [Server thread/INFO]: ---- Migration of old nether folder complete ----
[09:42:47] [Server thread/INFO]: -------- World Settings For [world_nether] --------
[09:42:47] [Server thread/INFO]: Experience Merge Radius: 3.0
[09:42:47] [Server thread/INFO]: View Distance: 10
[09:42:47] [Server thread/INFO]: Item Despawn Rate: 6000
[09:42:47] [Server thread/INFO]: Item Merge Radius: 2.5
[09:42:47] [Server thread/INFO]: Arrow Despawn Rate: 1200
[09:42:47] [Server thread/INFO]: Cactus Growth Modifier: 100%
[09:42:47] [Server thread/INFO]: Cane Growth Modifier: 100%
[09:42:47] [Server thread/INFO]: Melon Growth Modifier: 100%
[09:42:47] [Server thread/INFO]: Mushroom Growth Modifier: 100%
[09:42:47] [Server thread/INFO]: Pumpkin Growth Modifier: 100%
[09:42:47] [Server thread/INFO]: Sapling Growth Modifier: 100%
[09:42:47] [Server thread/INFO]: Wheat Growth Modifier: 100%
[09:42:47] [Server thread/INFO]: NetherWart Growth Modifier: 100%
[09:42:47] [Server thread/INFO]: Vine Growth Modifier: 100%
[09:42:47] [Server thread/INFO]: Cocoa Growth Modifier: 100%
[09:42:47] [Server thread/INFO]: Entity Activation Range: An 32 / Mo 32 / Mi 16 / Tiv true
[09:42:47] [Server thread/INFO]: Mob Spawn Range: 6
[09:42:47] [Server thread/INFO]: Max TNT Explosions: 100
[09:42:47] [Server thread/INFO]: Hopper Transfer: 8 Hopper Check: 1 Hopper Amount: 1
[09:42:47] [Server thread/INFO]: Random Lighting Updates: false
[09:42:47] [Server thread/INFO]: Entity Tracking Range: Pl 48 / An 48 / Mo 48 / Mi 32 / Other 64
[09:42:47] [Server thread/INFO]: Custom Map Seeds:  Village: 10387312 Desert: 14357617 Igloo: 14357618 Jungle: 14357619 Swamp: 14357620 Monument: 10387313Ocean: 14357621 Shipwreck: 165745295 Slime: 987234911
[09:42:47] [Server thread/INFO]: Tile Max Tick Time: 50ms Entity max Tick Time: 50ms
[09:42:47] [Server thread/INFO]: Allow Zombie Pigmen to spawn from portal blocks: true
[09:42:47] [Server thread/INFO]: Nerfing mobs spawned from spawners: false
[09:42:47] [Server thread/INFO]: Zombie Aggressive Towards Villager: true
[09:42:47] [Server thread/INFO]: ---- Migration of old the_end folder required ----
[09:42:47] [Server thread/INFO]: Unfortunately due to the way that Minecraft implemented multiworld support in 1.6, Bukkit requires that you move your the_end folder to a new location in order to operate correctly.
[09:42:47] [Server thread/INFO]: We will move this folder for you, but it will mean that you need to move it back should you wish to stop using Bukkit in the future.
[09:42:47] [Server thread/INFO]: Attempting to move world\DIM1 to world_the_end\DIM1...
[09:42:47] [Server thread/INFO]: Success! To restore the_end in the future, simply move world_the_end\DIM1 to world\DIM1
[09:42:47] [Server thread/WARN]: Unable to migrate world data.
[09:42:47] [Server thread/INFO]: ---- Migration of old the_end folder complete ----
[09:42:47] [Server thread/INFO]: -------- World Settings For [world_the_end] --------
[09:42:47] [Server thread/INFO]: Experience Merge Radius: 3.0
[09:42:47] [Server thread/INFO]: View Distance: 10
[09:42:47] [Server thread/INFO]: Item Despawn Rate: 6000
[09:42:47] [Server thread/INFO]: Item Merge Radius: 2.5
[09:42:47] [Server thread/INFO]: Arrow Despawn Rate: 1200
[09:42:47] [Server thread/INFO]: Cactus Growth Modifier: 100%
[09:42:47] [Server thread/INFO]: Cane Growth Modifier: 100%
[09:42:47] [Server thread/INFO]: Melon Growth Modifier: 100%
[09:42:47] [Server thread/INFO]: Mushroom Growth Modifier: 100%
[09:42:47] [Server thread/INFO]: Pumpkin Growth Modifier: 100%
[09:42:47] [Server thread/INFO]: Sapling Growth Modifier: 100%
[09:42:47] [Server thread/INFO]: Wheat Growth Modifier: 100%
[09:42:47] [Server thread/INFO]: NetherWart Growth Modifier: 100%
[09:42:47] [Server thread/INFO]: Vine Growth Modifier: 100%
[09:42:47] [Server thread/INFO]: Cocoa Growth Modifier: 100%
[09:42:47] [Server thread/INFO]: Entity Activation Range: An 32 / Mo 32 / Mi 16 / Tiv true
[09:42:47] [Server thread/INFO]: Mob Spawn Range: 6
[09:42:47] [Server thread/INFO]: Max TNT Explosions: 100
[09:42:47] [Server thread/INFO]: Hopper Transfer: 8 Hopper Check: 1 Hopper Amount: 1
[09:42:47] [Server thread/INFO]: Random Lighting Updates: false
[09:42:47] [Server thread/INFO]: Entity Tracking Range: Pl 48 / An 48 / Mo 48 / Mi 32 / Other 64
[09:42:47] [Server thread/INFO]: Custom Map Seeds:  Village: 10387312 Desert: 14357617 Igloo: 14357618 Jungle: 14357619 Swamp: 14357620 Monument: 10387313Ocean: 14357621 Shipwreck: 165745295 Slime: 987234911
[09:42:47] [Server thread/INFO]: Tile Max Tick Time: 50ms Entity max Tick Time: 50ms
[09:42:47] [Server thread/INFO]: Allow Zombie Pigmen to spawn from portal blocks: true
[09:42:47] [Server thread/INFO]: Nerfing mobs spawned from spawners: false
[09:42:47] [Server thread/INFO]: Zombie Aggressive Towards Villager: true
[09:42:47] [Server thread/INFO]: Preparing start region for level minecraft:overworld (Seed: 6078245074933576485)
[09:42:50] [Server thread/INFO]: Preparing spawn area: 4%
[09:42:50] [Server thread/INFO]: Preparing spawn area: 8%
[09:42:51] [Server thread/INFO]: Preparing spawn area: 12%
[09:42:51] [Server thread/INFO]: Preparing spawn area: 16%
[09:42:52] [Server thread/INFO]: Preparing spawn area: 20%
[09:42:52] [Server thread/INFO]: Preparing spawn area: 24%
[09:42:52] [Server thread/INFO]: Preparing spawn area: 28%
[09:42:53] [Server thread/INFO]: Preparing spawn area: 32%
[09:42:53] [Server thread/INFO]: Preparing spawn area: 36%
[09:42:53] [Server thread/INFO]: Preparing spawn area: 40%
[09:42:54] [Server thread/INFO]: Preparing spawn area: 44%
[09:42:54] [Server thread/INFO]: Preparing spawn area: 48%
[09:42:54] [Server thread/INFO]: Preparing spawn area: 52%
[09:42:54] [Server thread/INFO]: Preparing spawn area: 56%
[09:42:55] [Server thread/INFO]: Preparing spawn area: 60%
[09:42:55] [Server thread/INFO]: Preparing spawn area: 64%
[09:42:56] [Server thread/INFO]: Preparing spawn area: 68%
[09:42:56] [Server thread/INFO]: Preparing spawn area: 72%
[09:42:56] [Server thread/INFO]: Preparing spawn area: 76%
[09:42:56] [Server thread/INFO]: Preparing spawn area: 80%
[09:42:57] [Server thread/INFO]: Preparing spawn area: 84%
[09:42:57] [Server thread/INFO]: Preparing spawn area: 88%
[09:42:57] [Server thread/INFO]: Preparing spawn area: 92%
[09:42:58] [Server thread/INFO]: Preparing spawn area: 96%
[09:43:00] [Server thread/INFO]: Preparing spawn area: 100%
[09:43:00] [Server thread/INFO]: Preparing start region for level minecraft:the_end (Seed: 6078245074933576485)
[09:43:01] [Server thread/INFO]: Preparing spawn area: 4%
[09:43:01] [Server thread/INFO]: Preparing spawn area: 8%
[09:43:01] [Server thread/INFO]: Preparing spawn area: 12%
[09:43:01] [Server thread/INFO]: Preparing spawn area: 16%
[09:43:01] [Server thread/INFO]: Preparing spawn area: 20%
[09:43:02] [Server thread/INFO]: Preparing spawn area: 24%
[09:43:02] [Server thread/INFO]: Preparing spawn area: 28%
[09:43:02] [Server thread/INFO]: Preparing spawn area: 32%
[09:43:02] [Server thread/INFO]: Preparing spawn area: 36%
[09:43:02] [Server thread/INFO]: Preparing spawn area: 40%
[09:43:02] [Server thread/INFO]: Preparing spawn area: 44%
[09:43:02] [Server thread/INFO]: Preparing spawn area: 48%
[09:43:02] [Server thread/INFO]: Preparing spawn area: 52%
[09:43:02] [Server thread/INFO]: Preparing spawn area: 56%
[09:43:02] [Server thread/INFO]: Preparing spawn area: 60%
[09:43:02] [Server thread/INFO]: Preparing spawn area: 64%
[09:43:02] [Server thread/INFO]: Preparing spawn area: 68%
[09:43:02] [Server thread/INFO]: Preparing spawn area: 72%
[09:43:02] [Server thread/INFO]: Preparing spawn area: 76%
[09:43:03] [Server thread/INFO]: Preparing spawn area: 80%
[09:43:03] [Server thread/INFO]: Preparing spawn area: 84%
[09:43:03] [Server thread/INFO]: Preparing spawn area: 88%
[09:43:03] [Server thread/INFO]: Preparing spawn area: 92%
[09:43:03] [Server thread/INFO]: Preparing spawn area: 96%
[09:43:03] [Server thread/INFO]: Preparing spawn area: 100%
[09:43:03] [Server thread/INFO]: Preparing start region for level minecraft:the_nether (Seed: 6078245074933576485)
[09:43:04] [Server thread/INFO]: Preparing spawn area: 4%
[09:43:05] [Server thread/INFO]: Preparing spawn area: 8%
[09:43:05] [Server thread/INFO]: Preparing spawn area: 12%
[09:43:05] [Server thread/INFO]: Preparing spawn area: 16%
[09:43:06] [Server thread/INFO]: Preparing spawn area: 20%
[09:43:06] [Server thread/INFO]: Preparing spawn area: 24%
[09:43:06] [Server thread/INFO]: Preparing spawn area: 28%
[09:43:06] [Server thread/INFO]: Preparing spawn area: 32%
[09:43:07] [Server thread/INFO]: Preparing spawn area: 36%
[09:43:07] [Server thread/INFO]: Preparing spawn area: 40%
[09:43:07] [Server thread/INFO]: Preparing spawn area: 44%
[09:43:08] [Server thread/INFO]: Preparing spawn area: 48%
[09:43:08] [Server thread/INFO]: Preparing spawn area: 52%
[09:43:08] [Server thread/INFO]: Preparing spawn area: 56%
[09:43:08] [Server thread/INFO]: Preparing spawn area: 60%
[09:43:09] [Server thread/INFO]: Preparing spawn area: 64%
[09:43:09] [Server thread/INFO]: Preparing spawn area: 68%
[09:43:09] [Server thread/INFO]: Preparing spawn area: 72%
[09:43:09] [Server thread/INFO]: Preparing spawn area: 76%
[09:43:10] [Server thread/INFO]: Preparing spawn area: 80%
[09:43:10] [Server thread/INFO]: Preparing spawn area: 84%
[09:43:10] [Server thread/INFO]: Preparing spawn area: 88%
[09:43:11] [Server thread/INFO]: Preparing spawn area: 92%
[09:43:11] [Server thread/INFO]: Preparing spawn area: 96%
[09:43:11] [Server thread/INFO]: Preparing spawn area: 100%
[09:43:11] [Server thread/INFO]: Time elapsed: 23856 ms
[09:43:11] [Server thread/INFO]: Done (29.921s)! For help, type "help"
